<?xml version="1.0" encoding="UTF-8"?>
<testsuite xmlns:xsi="http://www.w3.org/2001/XMLSchema-instance" xsi:noNamespaceSchemaLocation="https://maven.apache.org/surefire/maven-surefire-plugin/xsd/surefire-test-report.xsd" name="com.miaosha.AppTest" time="0.014" tests="1" errors="0" skipped="0" failures="0">
  <properties>
    <property name="gopherProxySet" value="false"/>
    <property name="awt.toolkit" value="sun.lwawt.macosx.LWCToolkit"/>
    <property name="file.encoding.pkg" value="sun.io"/>
    <property name="java.specification.version" value="1.8"/>
    <property name="sun.cpu.isalist" value=""/>
    <property name="sun.jnu.encoding" value="UTF-8"/>
    <property name="java.class.path" value="/Users/yangqian/projects/miaosha/target/test-classes:/Users/yangqian/projects/miaosha/target/classes:/Users/yangqian/projects/configuration/MavenLib/junit/junit/4.11/junit-4.11.jar:/Users/yangqian/projects/configuration/MavenLib/org/hamcrest/hamcrest-core/1.3/hamcrest-core-1.3.jar:/Users/yangqian/projects/configuration/MavenLib/org/springframework/boot/spring-boot-starter-web/2.0.5.RELEASE/spring-boot-starter-web-2.0.5.RELEASE.jar:/Users/yangqian/projects/configuration/MavenLib/org/springframework/boot/spring-boot-starter/2.0.5.RELEASE/spring-boot-starter-2.0.5.RELEASE.jar:/Users/yangqian/projects/configuration/MavenLib/org/springframework/boot/spring-boot/2.0.5.RELEASE/spring-boot-2.0.5.RELEASE.jar:/Users/yangqian/projects/configuration/MavenLib/org/springframework/boot/spring-boot-autoconfigure/2.0.5.RELEASE/spring-boot-autoconfigure-2.0.5.RELEASE.jar:/Users/yangqian/projects/configuration/MavenLib/org/springframework/boot/spring-boot-starter-logging/2.0.5.RELEASE/spring-boot-starter-logging-2.0.5.RELEASE.jar:/Users/yangqian/projects/configuration/MavenLib/ch/qos/logback/logback-classic/1.2.3/logback-classic-1.2.3.jar:/Users/yangqian/projects/configuration/MavenLib/ch/qos/logback/logback-core/1.2.3/logback-core-1.2.3.jar:/Users/yangqian/projects/configuration/MavenLib/org/apache/logging/log4j/log4j-to-slf4j/2.10.0/log4j-to-slf4j-2.10.0.jar:/Users/yangqian/projects/configuration/MavenLib/org/apache/logging/log4j/log4j-api/2.10.0/log4j-api-2.10.0.jar:/Users/yangqian/projects/configuration/MavenLib/org/slf4j/jul-to-slf4j/1.7.25/jul-to-slf4j-1.7.25.jar:/Users/yangqian/projects/configuration/MavenLib/javax/annotation/javax.annotation-api/1.3.2/javax.annotation-api-1.3.2.jar:/Users/yangqian/projects/configuration/MavenLib/org/yaml/snakeyaml/1.19/snakeyaml-1.19.jar:/Users/yangqian/projects/configuration/MavenLib/org/springframework/boot/spring-boot-starter-json/2.0.5.RELEASE/spring-boot-starter-json-2.0.5.RELEASE.jar:/Users/yangqian/projects/configuration/MavenLib/com/fasterxml/jackson/core/jackson-databind/2.9.6/jackson-databind-2.9.6.jar:/Users/yangqian/projects/configuration/MavenLib/com/fasterxml/jackson/core/jackson-annotations/2.9.0/jackson-annotations-2.9.0.jar:/Users/yangqian/projects/configuration/MavenLib/com/fasterxml/jackson/core/jackson-core/2.9.6/jackson-core-2.9.6.jar:/Users/yangqian/projects/configuration/MavenLib/com/fasterxml/jackson/datatype/jackson-datatype-jdk8/2.9.6/jackson-datatype-jdk8-2.9.6.jar:/Users/yangqian/projects/configuration/MavenLib/com/fasterxml/jackson/datatype/jackson-datatype-jsr310/2.9.6/jackson-datatype-jsr310-2.9.6.jar:/Users/yangqian/projects/configuration/MavenLib/com/fasterxml/jackson/module/jackson-module-parameter-names/2.9.6/jackson-module-parameter-names-2.9.6.jar:/Users/yangqian/projects/configuration/MavenLib/org/springframework/boot/spring-boot-starter-tomcat/2.0.5.RELEASE/spring-boot-starter-tomcat-2.0.5.RELEASE.jar:/Users/yangqian/projects/configuration/MavenLib/org/apache/tomcat/embed/tomcat-embed-core/8.5.34/tomcat-embed-core-8.5.34.jar:/Users/yangqian/projects/configuration/MavenLib/org/apache/tomcat/embed/tomcat-embed-el/8.5.34/tomcat-embed-el-8.5.34.jar:/Users/yangqian/projects/configuration/MavenLib/org/apache/tomcat/embed/tomcat-embed-websocket/8.5.34/tomcat-embed-websocket-8.5.34.jar:/Users/yangqian/projects/configuration/MavenLib/org/hibernate/validator/hibernate-validator/6.0.12.Final/hibernate-validator-6.0.12.Final.jar:/Users/yangqian/projects/configuration/MavenLib/javax/validation/validation-api/2.0.1.Final/validation-api-2.0.1.Final.jar:/Users/yangqian/projects/configuration/MavenLib/org/jboss/logging/jboss-logging/3.3.2.Final/jboss-logging-3.3.2.Final.jar:/Users/yangqian/projects/configuration/MavenLib/com/fasterxml/classmate/1.3.4/classmate-1.3.4.jar:/Users/yangqian/projects/configuration/MavenLib/org/springframework/spring-web/5.0.9.RELEASE/spring-web-5.0.9.RELEASE.jar:/Users/yangqian/projects/configuration/MavenLib/org/springframework/spring-beans/5.0.9.RELEASE/spring-beans-5.0.9.RELEASE.jar:/Users/yangqian/projects/configuration/MavenLib/org/springframework/spring-webmvc/5.0.9.RELEASE/spring-webmvc-5.0.9.RELEASE.jar:/Users/yangqian/projects/configuration/MavenLib/org/springframework/spring-aop/5.0.9.RELEASE/spring-aop-5.0.9.RELEASE.jar:/Users/yangqian/projects/configuration/MavenLib/org/springframework/spring-context/5.0.9.RELEASE/spring-context-5.0.9.RELEASE.jar:/Users/yangqian/projects/configuration/MavenLib/org/springframework/spring-expression/5.0.9.RELEASE/spring-expression-5.0.9.RELEASE.jar:/Users/yangqian/projects/configuration/MavenLib/org/springframework/boot/spring-boot-starter-test/2.0.5.RELEASE/spring-boot-starter-test-2.0.5.RELEASE.jar:/Users/yangqian/projects/configuration/MavenLib/org/springframework/boot/spring-boot-test/2.0.5.RELEASE/spring-boot-test-2.0.5.RELEASE.jar:/Users/yangqian/projects/configuration/MavenLib/org/springframework/boot/spring-boot-test-autoconfigure/2.0.5.RELEASE/spring-boot-test-autoconfigure-2.0.5.RELEASE.jar:/Users/yangqian/projects/configuration/MavenLib/com/jayway/jsonpath/json-path/2.4.0/json-path-2.4.0.jar:/Users/yangqian/projects/configuration/MavenLib/net/minidev/json-smart/2.3/json-smart-2.3.jar:/Users/yangqian/projects/configuration/MavenLib/net/minidev/accessors-smart/1.2/accessors-smart-1.2.jar:/Users/yangqian/projects/configuration/MavenLib/org/ow2/asm/asm/5.0.4/asm-5.0.4.jar:/Users/yangqian/projects/configuration/MavenLib/org/slf4j/slf4j-api/1.7.25/slf4j-api-1.7.25.jar:/Users/yangqian/projects/configuration/MavenLib/org/assertj/assertj-core/3.9.1/assertj-core-3.9.1.jar:/Users/yangqian/projects/configuration/MavenLib/org/mockito/mockito-core/2.15.0/mockito-core-2.15.0.jar:/Users/yangqian/projects/configuration/MavenLib/net/bytebuddy/byte-buddy/1.7.11/byte-buddy-1.7.11.jar:/Users/yangqian/projects/configuration/MavenLib/net/bytebuddy/byte-buddy-agent/1.7.11/byte-buddy-agent-1.7.11.jar:/Users/yangqian/projects/configuration/MavenLib/org/objenesis/objenesis/2.6/objenesis-2.6.jar:/Users/yangqian/projects/configuration/MavenLib/org/hamcrest/hamcrest-library/1.3/hamcrest-library-1.3.jar:/Users/yangqian/projects/configuration/MavenLib/org/skyscreamer/jsonassert/1.5.0/jsonassert-1.5.0.jar:/Users/yangqian/projects/configuration/MavenLib/com/vaadin/external/google/android-json/0.0.20131108.vaadin1/android-json-0.0.20131108.vaadin1.jar:/Users/yangqian/projects/configuration/MavenLib/org/springframework/spring-core/5.0.9.RELEASE/spring-core-5.0.9.RELEASE.jar:/Users/yangqian/projects/configuration/MavenLib/org/springframework/spring-jcl/5.0.9.RELEASE/spring-jcl-5.0.9.RELEASE.jar:/Users/yangqian/projects/configuration/MavenLib/org/springframework/spring-test/5.0.9.RELEASE/spring-test-5.0.9.RELEASE.jar:/Users/yangqian/projects/configuration/MavenLib/org/xmlunit/xmlunit-core/2.5.1/xmlunit-core-2.5.1.jar:/Users/yangqian/projects/configuration/MavenLib/mysql/mysql-connector-mxj/5.0.12/mysql-connector-mxj-5.0.12.jar:/Users/yangqian/projects/configuration/MavenLib/mysql/mysql-connector-mxj-db-files/5.0.12/mysql-connector-mxj-db-files-5.0.12.jar:/Users/yangqian/projects/configuration/MavenLib/com/alibaba/druid/1.2.8/druid-1.2.8.jar:/Users/yangqian/projects/configuration/MavenLib/org/mybatis/spring/boot/mybatis-spring-boot-starter/2.2.2/mybatis-spring-boot-starter-2.2.2.jar:/Users/yangqian/projects/configuration/MavenLib/org/springframework/boot/spring-boot-starter-jdbc/2.0.5.RELEASE/spring-boot-starter-jdbc-2.0.5.RELEASE.jar:/Users/yangqian/projects/configuration/MavenLib/com/zaxxer/HikariCP/2.7.9/HikariCP-2.7.9.jar:/Users/yangqian/projects/configuration/MavenLib/org/springframework/spring-jdbc/5.0.9.RELEASE/spring-jdbc-5.0.9.RELEASE.jar:/Users/yangqian/projects/configuration/MavenLib/org/springframework/spring-tx/5.0.9.RELEASE/spring-tx-5.0.9.RELEASE.jar:/Users/yangqian/projects/configuration/MavenLib/org/mybatis/spring/boot/mybatis-spring-boot-autoconfigure/2.2.2/mybatis-spring-boot-autoconfigure-2.2.2.jar:/Users/yangqian/projects/configuration/MavenLib/org/mybatis/mybatis/3.5.9/mybatis-3.5.9.jar:/Users/yangqian/projects/configuration/MavenLib/org/mybatis/mybatis-spring/2.0.7/mybatis-spring-2.0.7.jar:/Users/yangqian/projects/configuration/MavenLib/org/mybatis/generator/mybatis-generator-core/1.4.0/mybatis-generator-core-1.4.0.jar:/Users/yangqian/projects/configuration/MavenLib/mysql/mysql-connector-java/5.1.41/mysql-connector-java-5.1.41.jar:"/>
    <property name="java.vm.vendor" value="Azul Systems, Inc."/>
    <property name="sun.arch.data.model" value="64"/>
    <property name="java.vendor.url" value="http://www.azulsystems.com/"/>
    <property name="user.timezone" value=""/>
    <property name="java.vm.specification.version" value="1.8"/>
    <property name="os.name" value="Mac OS X"/>
    <property name="user.country" value="CN"/>
    <property name="sun.java.launcher" value="SUN_STANDARD"/>
    <property name="sun.boot.library.path" value="/Library/Java/JavaVirtualMachines/zulu-8.jdk/Contents/Home/jre/lib"/>
    <property name="sun.java.command" value="/Users/yangqian/projects/miaosha/target/surefire/surefirebooter425475710289890920.jar /Users/yangqian/projects/miaosha/target/surefire 2022-03-10T09-30-35_184-jvmRun1 surefire2270925881511340822tmp surefire_05978630344489182393tmp"/>
    <property name="surefire.test.class.path" value="/Users/yangqian/projects/miaosha/target/test-classes:/Users/yangqian/projects/miaosha/target/classes:/Users/yangqian/projects/configuration/MavenLib/junit/junit/4.11/junit-4.11.jar:/Users/yangqian/projects/configuration/MavenLib/org/hamcrest/hamcrest-core/1.3/hamcrest-core-1.3.jar:/Users/yangqian/projects/configuration/MavenLib/org/springframework/boot/spring-boot-starter-web/2.0.5.RELEASE/spring-boot-starter-web-2.0.5.RELEASE.jar:/Users/yangqian/projects/configuration/MavenLib/org/springframework/boot/spring-boot-starter/2.0.5.RELEASE/spring-boot-starter-2.0.5.RELEASE.jar:/Users/yangqian/projects/configuration/MavenLib/org/springframework/boot/spring-boot/2.0.5.RELEASE/spring-boot-2.0.5.RELEASE.jar:/Users/yangqian/projects/configuration/MavenLib/org/springframework/boot/spring-boot-autoconfigure/2.0.5.RELEASE/spring-boot-autoconfigure-2.0.5.RELEASE.jar:/Users/yangqian/projects/configuration/MavenLib/org/springframework/boot/spring-boot-starter-logging/2.0.5.RELEASE/spring-boot-starter-logging-2.0.5.RELEASE.jar:/Users/yangqian/projects/configuration/MavenLib/ch/qos/logback/logback-classic/1.2.3/logback-classic-1.2.3.jar:/Users/yangqian/projects/configuration/MavenLib/ch/qos/logback/logback-core/1.2.3/logback-core-1.2.3.jar:/Users/yangqian/projects/configuration/MavenLib/org/apache/logging/log4j/log4j-to-slf4j/2.10.0/log4j-to-slf4j-2.10.0.jar:/Users/yangqian/projects/configuration/MavenLib/org/apache/logging/log4j/log4j-api/2.10.0/log4j-api-2.10.0.jar:/Users/yangqian/projects/configuration/MavenLib/org/slf4j/jul-to-slf4j/1.7.25/jul-to-slf4j-1.7.25.jar:/Users/yangqian/projects/configuration/MavenLib/javax/annotation/javax.annotation-api/1.3.2/javax.annotation-api-1.3.2.jar:/Users/yangqian/projects/configuration/MavenLib/org/yaml/snakeyaml/1.19/snakeyaml-1.19.jar:/Users/yangqian/projects/configuration/MavenLib/org/springframework/boot/spring-boot-starter-json/2.0.5.RELEASE/spring-boot-starter-json-2.0.5.RELEASE.jar:/Users/yangqian/projects/configuration/MavenLib/com/fasterxml/jackson/core/jackson-databind/2.9.6/jackson-databind-2.9.6.jar:/Users/yangqian/projects/configuration/MavenLib/com/fasterxml/jackson/core/jackson-annotations/2.9.0/jackson-annotations-2.9.0.jar:/Users/yangqian/projects/configuration/MavenLib/com/fasterxml/jackson/core/jackson-core/2.9.6/jackson-core-2.9.6.jar:/Users/yangqian/projects/configuration/MavenLib/com/fasterxml/jackson/datatype/jackson-datatype-jdk8/2.9.6/jackson-datatype-jdk8-2.9.6.jar:/Users/yangqian/projects/configuration/MavenLib/com/fasterxml/jackson/datatype/jackson-datatype-jsr310/2.9.6/jackson-datatype-jsr310-2.9.6.jar:/Users/yangqian/projects/configuration/MavenLib/com/fasterxml/jackson/module/jackson-module-parameter-names/2.9.6/jackson-module-parameter-names-2.9.6.jar:/Users/yangqian/projects/configuration/MavenLib/org/springframework/boot/spring-boot-starter-tomcat/2.0.5.RELEASE/spring-boot-starter-tomcat-2.0.5.RELEASE.jar:/Users/yangqian/projects/configuration/MavenLib/org/apache/tomcat/embed/tomcat-embed-core/8.5.34/tomcat-embed-core-8.5.34.jar:/Users/yangqian/projects/configuration/MavenLib/org/apache/tomcat/embed/tomcat-embed-el/8.5.34/tomcat-embed-el-8.5.34.jar:/Users/yangqian/projects/configuration/MavenLib/org/apache/tomcat/embed/tomcat-embed-websocket/8.5.34/tomcat-embed-websocket-8.5.34.jar:/Users/yangqian/projects/configuration/MavenLib/org/hibernate/validator/hibernate-validator/6.0.12.Final/hibernate-validator-6.0.12.Final.jar:/Users/yangqian/projects/configuration/MavenLib/javax/validation/validation-api/2.0.1.Final/validation-api-2.0.1.Final.jar:/Users/yangqian/projects/configuration/MavenLib/org/jboss/logging/jboss-logging/3.3.2.Final/jboss-logging-3.3.2.Final.jar:/Users/yangqian/projects/configuration/MavenLib/com/fasterxml/classmate/1.3.4/classmate-1.3.4.jar:/Users/yangqian/projects/configuration/MavenLib/org/springframework/spring-web/5.0.9.RELEASE/spring-web-5.0.9.RELEASE.jar:/Users/yangqian/projects/configuration/MavenLib/org/springframework/spring-beans/5.0.9.RELEASE/spring-beans-5.0.9.RELEASE.jar:/Users/yangqian/projects/configuration/MavenLib/org/springframework/spring-webmvc/5.0.9.RELEASE/spring-webmvc-5.0.9.RELEASE.jar:/Users/yangqian/projects/configuration/MavenLib/org/springframework/spring-aop/5.0.9.RELEASE/spring-aop-5.0.9.RELEASE.jar:/Users/yangqian/projects/configuration/MavenLib/org/springframework/spring-context/5.0.9.RELEASE/spring-context-5.0.9.RELEASE.jar:/Users/yangqian/projects/configuration/MavenLib/org/springframework/spring-expression/5.0.9.RELEASE/spring-expression-5.0.9.RELEASE.jar:/Users/yangqian/projects/configuration/MavenLib/org/springframework/boot/spring-boot-starter-test/2.0.5.RELEASE/spring-boot-starter-test-2.0.5.RELEASE.jar:/Users/yangqian/projects/configuration/MavenLib/org/springframework/boot/spring-boot-test/2.0.5.RELEASE/spring-boot-test-2.0.5.RELEASE.jar:/Users/yangqian/projects/configuration/MavenLib/org/springframework/boot/spring-boot-test-autoconfigure/2.0.5.RELEASE/spring-boot-test-autoconfigure-2.0.5.RELEASE.jar:/Users/yangqian/projects/configuration/MavenLib/com/jayway/jsonpath/json-path/2.4.0/json-path-2.4.0.jar:/Users/yangqian/projects/configuration/MavenLib/net/minidev/json-smart/2.3/json-smart-2.3.jar:/Users/yangqian/projects/configuration/MavenLib/net/minidev/accessors-smart/1.2/accessors-smart-1.2.jar:/Users/yangqian/projects/configuration/MavenLib/org/ow2/asm/asm/5.0.4/asm-5.0.4.jar:/Users/yangqian/projects/configuration/MavenLib/org/slf4j/slf4j-api/1.7.25/slf4j-api-1.7.25.jar:/Users/yangqian/projects/configuration/MavenLib/org/assertj/assertj-core/3.9.1/assertj-core-3.9.1.jar:/Users/yangqian/projects/configuration/MavenLib/org/mockito/mockito-core/2.15.0/mockito-core-2.15.0.jar:/Users/yangqian/projects/configuration/MavenLib/net/bytebuddy/byte-buddy/1.7.11/byte-buddy-1.7.11.jar:/Users/yangqian/projects/configuration/MavenLib/net/bytebuddy/byte-buddy-agent/1.7.11/byte-buddy-agent-1.7.11.jar:/Users/yangqian/projects/configuration/MavenLib/org/objenesis/objenesis/2.6/objenesis-2.6.jar:/Users/yangqian/projects/configuration/MavenLib/org/hamcrest/hamcrest-library/1.3/hamcrest-library-1.3.jar:/Users/yangqian/projects/configuration/MavenLib/org/skyscreamer/jsonassert/1.5.0/jsonassert-1.5.0.jar:/Users/yangqian/projects/configuration/MavenLib/com/vaadin/external/google/android-json/0.0.20131108.vaadin1/android-json-0.0.20131108.vaadin1.jar:/Users/yangqian/projects/configuration/MavenLib/org/springframework/spring-core/5.0.9.RELEASE/spring-core-5.0.9.RELEASE.jar:/Users/yangqian/projects/configuration/MavenLib/org/springframework/spring-jcl/5.0.9.RELEASE/spring-jcl-5.0.9.RELEASE.jar:/Users/yangqian/projects/configuration/MavenLib/org/springframework/spring-test/5.0.9.RELEASE/spring-test-5.0.9.RELEASE.jar:/Users/yangqian/projects/configuration/MavenLib/org/xmlunit/xmlunit-core/2.5.1/xmlunit-core-2.5.1.jar:/Users/yangqian/projects/configuration/MavenLib/mysql/mysql-connector-mxj/5.0.12/mysql-connector-mxj-5.0.12.jar:/Users/yangqian/projects/configuration/MavenLib/mysql/mysql-connector-mxj-db-files/5.0.12/mysql-connector-mxj-db-files-5.0.12.jar:/Users/yangqian/projects/configuration/MavenLib/com/alibaba/druid/1.2.8/druid-1.2.8.jar:/Users/yangqian/projects/configuration/MavenLib/org/mybatis/spring/boot/mybatis-spring-boot-starter/2.2.2/mybatis-spring-boot-starter-2.2.2.jar:/Users/yangqian/projects/configuration/MavenLib/org/springframework/boot/spring-boot-starter-jdbc/2.0.5.RELEASE/spring-boot-starter-jdbc-2.0.5.RELEASE.jar:/Users/yangqian/projects/configuration/MavenLib/com/zaxxer/HikariCP/2.7.9/HikariCP-2.7.9.jar:/Users/yangqian/projects/configuration/MavenLib/org/springframework/spring-jdbc/5.0.9.RELEASE/spring-jdbc-5.0.9.RELEASE.jar:/Users/yangqian/projects/configuration/MavenLib/org/springframework/spring-tx/5.0.9.RELEASE/spring-tx-5.0.9.RELEASE.jar:/Users/yangqian/projects/configuration/MavenLib/org/mybatis/spring/boot/mybatis-spring-boot-autoconfigure/2.2.2/mybatis-spring-boot-autoconfigure-2.2.2.jar:/Users/yangqian/projects/configuration/MavenLib/org/mybatis/mybatis/3.5.9/mybatis-3.5.9.jar:/Users/yangqian/projects/configuration/MavenLib/org/mybatis/mybatis-spring/2.0.7/mybatis-spring-2.0.7.jar:/Users/yangqian/projects/configuration/MavenLib/org/mybatis/generator/mybatis-generator-core/1.4.0/mybatis-generator-core-1.4.0.jar:/Users/yangqian/projects/configuration/MavenLib/mysql/mysql-connector-java/5.1.41/mysql-connector-java-5.1.41.jar:"/>
    <property name="sun.cpu.endian" value="little"/>
    <property name="user.home" value="/Users/yangqian"/>
    <property name="user.language" value="zh"/>
    <property name="java.specification.vendor" value="Oracle Corporation"/>
    <property name="java.home" value="/Library/Java/JavaVirtualMachines/zulu-8.jdk/Contents/Home/jre"/>
    <property name="basedir" value="/Users/yangqian/projects/miaosha"/>
    <property name="file.separator" value="/"/>
    <property name="line.separator" value="&#10;"/>
    <property name="jdk.vendor.version" value="Zulu 8.52.0.23-CA-macos-aarch64"/>
    <property name="java.vm.specification.vendor" value="Oracle Corporation"/>
    <property name="java.specification.name" value="Java Platform API Specification"/>
    <property name="java.awt.graphicsenv" value="sun.awt.CGraphicsEnvironment"/>
    <property name="surefire.real.class.path" value="/Users/yangqian/projects/miaosha/target/surefire/surefirebooter425475710289890920.jar"/>
    <property name="sun.boot.class.path" value="/Library/Java/JavaVirtualMachines/zulu-8.jdk/Contents/Home/jre/lib/resources.jar:/Library/Java/JavaVirtualMachines/zulu-8.jdk/Contents/Home/jre/lib/rt.jar:/Library/Java/JavaVirtualMachines/zulu-8.jdk/Contents/Home/jre/lib/sunrsasign.jar:/Library/Java/JavaVirtualMachines/zulu-8.jdk/Contents/Home/jre/lib/jsse.jar:/Library/Java/JavaVirtualMachines/zulu-8.jdk/Contents/Home/jre/lib/jce.jar:/Library/Java/JavaVirtualMachines/zulu-8.jdk/Contents/Home/jre/lib/charsets.jar:/Library/Java/JavaVirtualMachines/zulu-8.jdk/Contents/Home/jre/lib/jfr.jar:/Library/Java/JavaVirtualMachines/zulu-8.jdk/Contents/Home/jre/classes"/>
    <property name="sun.management.compiler" value="HotSpot 64-Bit Tiered Compilers"/>
    <property name="java.runtime.version" value="1.8.0_282-b08"/>
    <property name="user.name" value="yangqian"/>
    <property name="path.separator" value=":"/>
    <property name="os.version" value="12.0.1"/>
    <property name="java.endorsed.dirs" value="/Library/Java/JavaVirtualMachines/zulu-8.jdk/Contents/Home/jre/lib/endorsed"/>
    <property name="java.runtime.name" value="OpenJDK Runtime Environment"/>
    <property name="file.encoding" value="UTF-8"/>
    <property name="java.vm.name" value="OpenJDK 64-Bit Server VM"/>
    <property name="localRepository" value="/Users/yangqian/projects/configuration/MavenLib"/>
    <property name="java.vendor.url.bug" value="http://www.azulsystems.com/support/"/>
    <property name="java.io.tmpdir" value="/var/folders/3c/7hqjv_jx4v9f1t4wb3gyw2w80000gn/T/"/>
    <property name="java.version" value="1.8.0_282"/>
    <property name="user.dir" value="/Users/yangqian/projects/miaosha"/>
    <property name="os.arch" value="aarch64"/>
    <property name="java.vm.specification.name" value="Java Virtual Machine Specification"/>
    <property name="java.awt.printerjob" value="sun.lwawt.macosx.CPrinterJob"/>
    <property name="sun.os.patch.level" value="unknown"/>
    <property name="java.library.path" value="/Users/yangqian/Library/Java/Extensions:/Library/Java/Extensions:/Network/Library/Java/Extensions:/System/Library/Java/Extensions:/usr/lib/java:."/>
    <property name="java.vm.info" value="mixed mode"/>
    <property name="java.vendor" value="Azul Systems, Inc."/>
    <property name="java.vm.version" value="25.282-b08"/>
    <property name="java.ext.dirs" value="/Users/yangqian/Library/Java/Extensions:/Library/Java/JavaVirtualMachines/zulu-8.jdk/Contents/Home/jre/lib/ext:/Library/Java/Extensions:/Network/Library/Java/Extensions:/System/Library/Java/Extensions:/usr/lib/java"/>
    <property name="sun.io.unicode.encoding" value="UnicodeBig"/>
    <property name="java.class.version" value="52.0"/>
  </properties>
  <testcase name="shouldAnswerWithTrue" classname="com.miaosha.AppTest" time="0"/>
</testsuite>